<?xml version="1.0" encoding="UTF-8"?>
<testsuite xmlns:xsi="http://www.w3.org/2001/XMLSchema-instance" xsi:noNamespaceSchemaLocation="https://maven.apache.org/surefire/maven-surefire-plugin/xsd/surefire-test-report.xsd" name="ControllerTest" time="0.054" tests="4" errors="0" skipped="0" failures="0">
  <properties>
[...]
</properties>
  <testcase name="testModifierProfil" classname="ControllerTest" time="0.031"/>
  <testcase name="testRechercherUtilisateur_UserExists" classname="ControllerTest" time="0.008"/>
  <testcase name="testRechercherUtilisateur_UserDoesNotExist" classname="ControllerTest" time="0.007"/>
  <testcase name="testEnregistrerRobot" classname="ControllerTest" time="0.006"/>
</testsuite>